[debug] [2024-02-21T04:13:37.073Z] ----------------------------------------------------------------------
[debug] [2024-02-21T04:13:37.077Z] Command:       C:\Program Files\nodejs\node.exe C:\Users\tefer\AppData\Roaming\npm\node_modules\firebase-tools\lib\bin\firebase.js emulators:start --only functions
[debug] [2024-02-21T04:13:37.078Z] CLI Version:   13.3.0
[debug] [2024-02-21T04:13:37.078Z] Platform:      win32
[debug] [2024-02-21T04:13:37.079Z] Node Version:  v20.10.0
[debug] [2024-02-21T04:13:37.079Z] Time:          Tue Feb 20 2024 23:13:37 GMT-0500 (Eastern Standard Time)
[debug] [2024-02-21T04:13:37.079Z] ----------------------------------------------------------------------
[debug] 
[debug] [2024-02-21T04:13:37.307Z] > command requires scopes: ["email","openid","https://www.googleapis.com/auth/cloudplatformprojects.readonly","https://www.googleapis.com/auth/firebase","https://www.googleapis.com/auth/cloud-platform"]
[debug] [2024-02-21T04:13:37.308Z] > authorizing via signed-in user (tsege.t6@gmail.com)
[info] i  emulators: Starting emulators: functions {"metadata":{"emulator":{"name":"hub"},"message":"Starting emulators: functions"}}
[debug] [2024-02-21T04:13:37.326Z] [logging] Logging Emulator only supports listening on one address (127.0.0.1). Not listening on ::1
[warn] !  ui: Emulator UI unable to start on port 4000, starting on 4001 instead. {"metadata":{"emulator":{"name":"ui"},"message":"Emulator UI unable to start on port 4000, starting on 4001 instead."}}
[debug] [2024-02-21T04:13:37.330Z] assigned listening specs for emulators {"user":{"hub":[{"address":"127.0.0.1","family":"IPv4","port":4400},{"address":"::1","family":"IPv6","port":4400}],"logging":[{"address":"127.0.0.1","family":"IPv4","port":4500}],"ui":[{"address":"127.0.0.1","family":"IPv4","port":4001},{"address":"::1","family":"IPv6","port":4001}]},"metadata":{"message":"assigned listening specs for emulators"}}
[debug] [2024-02-21T04:13:37.346Z] [hub] writing locator at C:\Users\tefer\AppData\Local\Temp\hub-clone-d489a.json
[debug] [2024-02-21T04:13:37.397Z] [functions] Functions Emulator only supports listening on one address (127.0.0.1). Not listening on ::1
[debug] [2024-02-21T04:13:37.398Z] [eventarc] Eventarc Emulator only supports listening on one address (127.0.0.1). Not listening on ::1
[debug] [2024-02-21T04:13:37.398Z] late-assigned ports for functions and eventarc emulators {"user":{"hub":[{"address":"127.0.0.1","family":"IPv4","port":4400},{"address":"::1","family":"IPv6","port":4400}],"logging":[{"address":"127.0.0.1","family":"IPv4","port":4500}],"ui":[{"address":"127.0.0.1","family":"IPv4","port":4001},{"address":"::1","family":"IPv6","port":4001}],"functions":[{"address":"127.0.0.1","family":"IPv4","port":5001}],"eventarc":[{"address":"127.0.0.1","family":"IPv4","port":9299}]},"metadata":{"message":"late-assigned ports for functions and eventarc emulators"}}
[warn] !  functions: The following emulators are not running, calls to these services from the Functions emulator will affect production: auth, firestore, database, hosting, pubsub, storage {"metadata":{"emulator":{"name":"functions"},"message":"The following emulators are not running, calls to these services from the Functions emulator will affect production: \u001b[1mauth, firestore, database, hosting, pubsub, storage\u001b[22m"}}
[debug] [2024-02-21T04:13:37.407Z] defaultcredentials: writing to file C:\Users\tefer\AppData\Roaming\firebase\tsege_t6_gmail.com_application_default_credentials.json
[debug] [2024-02-21T04:13:37.426Z] Setting GAC to C:\Users\tefer\AppData\Roaming\firebase\tsege_t6_gmail.com_application_default_credentials.json {"metadata":{"emulator":{"name":"functions"},"message":"Setting GAC to C:\\Users\\tefer\\AppData\\Roaming\\firebase\\tsege_t6_gmail.com_application_default_credentials.json"}}
[debug] [2024-02-21T04:13:37.428Z] > refreshing access token with scopes: []
[debug] [2024-02-21T04:13:37.431Z] >>> [apiv2][query] POST https://www.googleapis.com/oauth2/v3/token [none]
[debug] [2024-02-21T04:13:37.431Z] >>> [apiv2][body] POST https://www.googleapis.com/oauth2/v3/token [omitted]
[debug] [2024-02-21T04:13:37.603Z] <<< [apiv2][status] POST https://www.googleapis.com/oauth2/v3/token 200
[debug] [2024-02-21T04:13:37.604Z] <<< [apiv2][body] POST https://www.googleapis.com/oauth2/v3/token [omitted]
[debug] [2024-02-21T04:13:37.619Z] >>> [apiv2][query] GET https://firebase.googleapis.com/v1beta1/projects/clone-d489a/adminSdkConfig [none]
[debug] [2024-02-21T04:13:37.979Z] <<< [apiv2][status] GET https://firebase.googleapis.com/v1beta1/projects/clone-d489a/adminSdkConfig 200
[debug] [2024-02-21T04:13:37.979Z] <<< [apiv2][body] GET https://firebase.googleapis.com/v1beta1/projects/clone-d489a/adminSdkConfig {"projectId":"clone-d489a","storageBucket":"clone-d489a.appspot.com"}
[debug] [2024-02-21T04:13:38.012Z] Ignoring unsupported arg: auto_download {"metadata":{"emulator":{"name":"ui"},"message":"Ignoring unsupported arg: auto_download"}}
[debug] [2024-02-21T04:13:38.012Z] Ignoring unsupported arg: port {"metadata":{"emulator":{"name":"ui"},"message":"Ignoring unsupported arg: port"}}
[debug] [2024-02-21T04:13:38.012Z] Starting Emulator UI with command {"binary":"node","args":["C:\\Users\\tefer\\.cache\\firebase\\emulators\\ui-v1.11.7\\server\\server.js"],"optionalArgs":[],"joinArgs":false} {"metadata":{"emulator":{"name":"ui"},"message":"Starting Emulator UI with command {\"binary\":\"node\",\"args\":[\"C:\\\\Users\\\\tefer\\\\.cache\\\\firebase\\\\emulators\\\\ui-v1.11.7\\\\server\\\\server.js\"],\"optionalArgs\":[],\"joinArgs\":false}"}}
[info] i  ui: Emulator UI logging to ui-debug.log {"metadata":{"emulator":{"name":"ui"},"message":"Emulator UI logging to \u001b[1mui-debug.log\u001b[22m"}}
[debug] [2024-02-21T04:13:38.291Z] Web / API server started at 127.0.0.1:4001
 {"metadata":{"emulator":{"name":"ui"},"message":"Web / API server started at 127.0.0.1:4001\n"}}
[debug] [2024-02-21T04:13:38.293Z] Web / API server started at ::1:4001
 {"metadata":{"emulator":{"name":"ui"},"message":"Web / API server started at ::1:4001\n"}}
[info] i  functions: Watching "C:\Users\tefer\OneDrive\Desktop\Evangade\classmaterials\phase4\Amazon-clone\amazon\functions" for Cloud Functions... {"metadata":{"emulator":{"name":"functions"},"message":"Watching \"C:\\Users\\tefer\\OneDrive\\Desktop\\Evangade\\classmaterials\\phase4\\Amazon-clone\\amazon\\functions\" for Cloud Functions..."}}
[debug] [2024-02-21T04:13:38.302Z] Validating nodejs source
[debug] [2024-02-21T04:13:40.503Z] > [functions] package.json contents: {
  "name": "functions",
  "description": "Cloud Functions for Firebase",
  "scripts": {
    "serve": "firebase emulators:start --only functions",
    "shell": "firebase functions:shell",
    "start": "npm run shell",
    "deploy": "firebase deploy --only functions",
    "logs": "firebase functions:log"
  },
  "engines": {
    "node": "20"
  },
  "main": "index.js",
  "dependencies": {
    "cors": "^2.8.5",
    "dotenv": "^16.4.4",
    "express": "^4.18.2",
    "firebase-admin": "^11.8.0",
    "firebase-functions": "^4.3.1",
    "stripe": "^14.17.0"
  },
  "devDependencies": {
    "firebase-functions-test": "^3.1.0"
  },
  "private": true
}
[debug] [2024-02-21T04:13:40.503Z] Building nodejs source
[debug] [2024-02-21T04:13:40.504Z] Failed to find version of module node: reached end of search path C:\Users\tefer\OneDrive\Desktop\Evangade\classmaterials\phase4\Amazon-clone\amazon\functions\node_modules
[info] +  functions: Using node@20 from host. 
[info] i  functions: Loaded environment variables from .env. 
[debug] [2024-02-21T04:13:40.512Z] Could not find functions.yaml. Must use http discovery
[debug] [2024-02-21T04:13:40.520Z] Found firebase-functions binary at 'C:\Users\tefer\OneDrive\Desktop\Evangade\classmaterials\phase4\Amazon-clone\amazon\functions\node_modules\.bin\firebase-functions'
[info] Serving at port 8284

[debug] [2024-02-21T04:13:41.385Z] Got response from /__/functions.yaml {"endpoints":{"api":{"availableMemoryMb":null,"timeoutSeconds":null,"minInstances":null,"maxInstances":null,"ingressSettings":null,"concurrency":null,"serviceAccountEmail":null,"vpc":null,"platform":"gcfv2","labels":{},"httpsTrigger":{},"entryPoint":"api"}},"specVersion":"v1alpha1","requiredAPIs":[]}
[info] +  functions: Loaded functions definitions from source: api. {"metadata":{"emulator":{"name":"functions"},"message":"Loaded functions definitions from source: api."}}
[info] +  functions[us-central1-api]: http function initialized (http://127.0.0.1:5001/clone-d489a/us-central1/api). {"metadata":{"emulator":{"name":"functions"},"message":"\u001b[1mhttp\u001b[22m function initialized (http://127.0.0.1:5001/clone-d489a/us-central1/api)."}}
[info] 
┌─────────────────────────────────────────────────────────────┐
│ ✔  All emulators ready! It is now safe to connect your app. │
│ i  View Emulator UI at http://127.0.0.1:4001/               │
└─────────────────────────────────────────────────────────────┘

┌───────────┬────────────────┬─────────────────────────────────┐
│ Emulator  │ Host:Port      │ View in Emulator UI             │
├───────────┼────────────────┼─────────────────────────────────┤
│ Functions │ 127.0.0.1:5001 │ http://127.0.0.1:4001/functions │
└───────────┴────────────────┴─────────────────────────────────┘
  Emulator Hub running at 127.0.0.1:4400
  Other reserved ports: 4500

Issues? Report them at https://github.com/firebase/firebase-tools/issues and attach the *-debug.log files.
 
[debug] [2024-02-21T04:14:18.992Z] [work-queue] {"queuedWork":["/clone-d489a/us-central1/api/payment/create-2024-02-21T04:14:18.992Z"],"queueLength":1,"runningWork":[],"workRunningCount":0}
[debug] [2024-02-21T04:14:18.994Z] [work-queue] {"queuedWork":[],"queueLength":0,"runningWork":["/clone-d489a/us-central1/api/payment/create-2024-02-21T04:14:18.992Z"],"workRunningCount":1}
[debug] [2024-02-21T04:14:18.995Z] Accepted request POST /clone-d489a/us-central1/api/payment/create?total=300 --> us-central1-api
[debug] [2024-02-21T04:14:19.001Z] [functions] Runtime ready! Sending request! {"metadata":{"emulator":{"name":"functions"},"message":"[functions] Runtime ready! Sending request!"}}
[debug] [2024-02-21T04:14:19.002Z] [functions] Got req.url=/clone-d489a/us-central1/api/payment/create?total=300, mapping to path=/payment/create?total=300 {"metadata":{"emulator":{"name":"functions"},"message":"[functions] Got req.url=/clone-d489a/us-central1/api/payment/create?total=300, mapping to path=/payment/create?total=300"}}
[info] i  functions: Loaded environment variables from .env. 
[debug] [2024-02-21T04:14:19.016Z] [worker-pool] addWorker(us-central1-api) {"metadata":{"emulator":{"name":"functions"},"message":"[worker-pool] addWorker(us-central1-api)"}}
[debug] [2024-02-21T04:14:19.017Z] [worker-pool] Adding worker with key us-central1-api, total=1 {"metadata":{"emulator":{"name":"functions"},"message":"[worker-pool] Adding worker with key us-central1-api, total=1"}}
[debug] [2024-02-21T04:14:20.976Z] [runtime-status] [17564] Resolved module firebase-admin {"declared":true,"installed":true,"version":"11.11.1","resolution":"C:\\Users\\tefer\\OneDrive\\Desktop\\Evangade\\classmaterials\\phase4\\Amazon-clone\\amazon\\functions\\node_modules\\firebase-admin\\lib\\index.js"} {"metadata":{"emulator":{"name":"functions"},"function":{"name":"us-central1-api"},"extension":{},"message":"[runtime-status] [17564] Resolved module firebase-admin {\"declared\":true,\"installed\":true,\"version\":\"11.11.1\",\"resolution\":\"C:\\\\Users\\\\tefer\\\\OneDrive\\\\Desktop\\\\Evangade\\\\classmaterials\\\\phase4\\\\Amazon-clone\\\\amazon\\\\functions\\\\node_modules\\\\firebase-admin\\\\lib\\\\index.js\"}"}}
[debug] [2024-02-21T04:14:20.978Z] [runtime-status] [17564] Resolved module firebase-functions {"declared":true,"installed":true,"version":"4.7.0","resolution":"C:\\Users\\tefer\\OneDrive\\Desktop\\Evangade\\classmaterials\\phase4\\Amazon-clone\\amazon\\functions\\node_modules\\firebase-functions\\lib\\v1\\index.js"} {"metadata":{"emulator":{"name":"functions"},"function":{"name":"us-central1-api"},"extension":{},"message":"[runtime-status] [17564] Resolved module firebase-functions {\"declared\":true,\"installed\":true,\"version\":\"4.7.0\",\"resolution\":\"C:\\\\Users\\\\tefer\\\\OneDrive\\\\Desktop\\\\Evangade\\\\classmaterials\\\\phase4\\\\Amazon-clone\\\\amazon\\\\functions\\\\node_modules\\\\firebase-functions\\\\lib\\\\v1\\\\index.js\"}"}}
[debug] [2024-02-21T04:14:20.980Z] [runtime-status] [17564] Outgoing network have been stubbed. [{"name":"http","status":"mocked"},{"name":"http","status":"mocked"},{"name":"https","status":"mocked"},{"name":"https","status":"mocked"},{"name":"net","status":"mocked"}] {"metadata":{"emulator":{"name":"functions"},"function":{"name":"us-central1-api"},"extension":{},"message":"[runtime-status] [17564] Outgoing network have been stubbed. [{\"name\":\"http\",\"status\":\"mocked\"},{\"name\":\"http\",\"status\":\"mocked\"},{\"name\":\"https\",\"status\":\"mocked\"},{\"name\":\"https\",\"status\":\"mocked\"},{\"name\":\"net\",\"status\":\"mocked\"}]"}}
[debug] [2024-02-21T04:14:20.983Z] [runtime-status] [17564] Resolved module firebase-functions {"declared":true,"installed":true,"version":"4.7.0","resolution":"C:\\Users\\tefer\\OneDrive\\Desktop\\Evangade\\classmaterials\\phase4\\Amazon-clone\\amazon\\functions\\node_modules\\firebase-functions\\lib\\v1\\index.js"} {"metadata":{"emulator":{"name":"functions"},"function":{"name":"us-central1-api"},"extension":{},"message":"[runtime-status] [17564] Resolved module firebase-functions {\"declared\":true,\"installed\":true,\"version\":\"4.7.0\",\"resolution\":\"C:\\\\Users\\\\tefer\\\\OneDrive\\\\Desktop\\\\Evangade\\\\classmaterials\\\\phase4\\\\Amazon-clone\\\\amazon\\\\functions\\\\node_modules\\\\firebase-functions\\\\lib\\\\v1\\\\index.js\"}"}}
[debug] [2024-02-21T04:14:21.547Z] [runtime-status] [17564] Checked functions.config() {"config":{}} {"metadata":{"emulator":{"name":"functions"},"function":{"name":"us-central1-api"},"extension":{},"message":"[runtime-status] [17564] Checked functions.config() {\"config\":{}}"}}
[debug] [2024-02-21T04:14:21.550Z] [runtime-status] [17564] firebase-functions has been stubbed. {"functionsResolution":{"declared":true,"installed":true,"version":"4.7.0","resolution":"C:\\Users\\tefer\\OneDrive\\Desktop\\Evangade\\classmaterials\\phase4\\Amazon-clone\\amazon\\functions\\node_modules\\firebase-functions\\lib\\v1\\index.js"}} {"metadata":{"emulator":{"name":"functions"},"function":{"name":"us-central1-api"},"extension":{},"message":"[runtime-status] [17564] firebase-functions has been stubbed. {\"functionsResolution\":{\"declared\":true,\"installed\":true,\"version\":\"4.7.0\",\"resolution\":\"C:\\\\Users\\\\tefer\\\\OneDrive\\\\Desktop\\\\Evangade\\\\classmaterials\\\\phase4\\\\Amazon-clone\\\\amazon\\\\functions\\\\node_modules\\\\firebase-functions\\\\lib\\\\v1\\\\index.js\"}}"}}
[debug] [2024-02-21T04:14:21.551Z] [runtime-status] [17564] Resolved module firebase-functions {"declared":true,"installed":true,"version":"4.7.0","resolution":"C:\\Users\\tefer\\OneDrive\\Desktop\\Evangade\\classmaterials\\phase4\\Amazon-clone\\amazon\\functions\\node_modules\\firebase-functions\\lib\\v1\\index.js"} {"metadata":{"emulator":{"name":"functions"},"function":{"name":"us-central1-api"},"extension":{},"message":"[runtime-status] [17564] Resolved module firebase-functions {\"declared\":true,\"installed\":true,\"version\":\"4.7.0\",\"resolution\":\"C:\\\\Users\\\\tefer\\\\OneDrive\\\\Desktop\\\\Evangade\\\\classmaterials\\\\phase4\\\\Amazon-clone\\\\amazon\\\\functions\\\\node_modules\\\\firebase-functions\\\\lib\\\\v1\\\\index.js\"}"}}
[debug] [2024-02-21T04:14:21.552Z] [runtime-status] [17564] Resolved module firebase-admin {"declared":true,"installed":true,"version":"11.11.1","resolution":"C:\\Users\\tefer\\OneDrive\\Desktop\\Evangade\\classmaterials\\phase4\\Amazon-clone\\amazon\\functions\\node_modules\\firebase-admin\\lib\\index.js"} {"metadata":{"emulator":{"name":"functions"},"function":{"name":"us-central1-api"},"extension":{},"message":"[runtime-status] [17564] Resolved module firebase-admin {\"declared\":true,\"installed\":true,\"version\":\"11.11.1\",\"resolution\":\"C:\\\\Users\\\\tefer\\\\OneDrive\\\\Desktop\\\\Evangade\\\\classmaterials\\\\phase4\\\\Amazon-clone\\\\amazon\\\\functions\\\\node_modules\\\\firebase-admin\\\\lib\\\\index.js\"}"}}
[debug] [2024-02-21T04:14:21.556Z] [runtime-status] [17564] Resolved module firebase-functions {"declared":true,"installed":true,"version":"4.7.0","resolution":"C:\\Users\\tefer\\OneDrive\\Desktop\\Evangade\\classmaterials\\phase4\\Amazon-clone\\amazon\\functions\\node_modules\\firebase-functions\\lib\\v1\\index.js"} {"metadata":{"emulator":{"name":"functions"},"function":{"name":"us-central1-api"},"extension":{},"message":"[runtime-status] [17564] Resolved module firebase-functions {\"declared\":true,\"installed\":true,\"version\":\"4.7.0\",\"resolution\":\"C:\\\\Users\\\\tefer\\\\OneDrive\\\\Desktop\\\\Evangade\\\\classmaterials\\\\phase4\\\\Amazon-clone\\\\amazon\\\\functions\\\\node_modules\\\\firebase-functions\\\\lib\\\\v1\\\\index.js\"}"}}
[debug] [2024-02-21T04:14:21.556Z] [runtime-status] [17564] firebase-admin has been stubbed. {"adminResolution":{"declared":true,"installed":true,"version":"11.11.1","resolution":"C:\\Users\\tefer\\OneDrive\\Desktop\\Evangade\\classmaterials\\phase4\\Amazon-clone\\amazon\\functions\\node_modules\\firebase-admin\\lib\\index.js"}} {"metadata":{"emulator":{"name":"functions"},"function":{"name":"us-central1-api"},"extension":{},"message":"[runtime-status] [17564] firebase-admin has been stubbed. {\"adminResolution\":{\"declared\":true,\"installed\":true,\"version\":\"11.11.1\",\"resolution\":\"C:\\\\Users\\\\tefer\\\\OneDrive\\\\Desktop\\\\Evangade\\\\classmaterials\\\\phase4\\\\Amazon-clone\\\\amazon\\\\functions\\\\node_modules\\\\firebase-admin\\\\lib\\\\index.js\"}}"}}
[debug] [2024-02-21T04:14:21.941Z] [runtime-status] [17564] Functions runtime initialized. {"cwd":"C:\\Users\\tefer\\OneDrive\\Desktop\\Evangade\\classmaterials\\phase4\\Amazon-clone\\amazon\\functions","node_version":"20.10.0"} {"metadata":{"emulator":{"name":"functions"},"function":{"name":"us-central1-api"},"extension":{},"message":"[runtime-status] [17564] Functions runtime initialized. {\"cwd\":\"C:\\\\Users\\\\tefer\\\\OneDrive\\\\Desktop\\\\Evangade\\\\classmaterials\\\\phase4\\\\Amazon-clone\\\\amazon\\\\functions\",\"node_version\":\"20.10.0\"}"}}
[debug] [2024-02-21T04:14:21.942Z] [runtime-status] [17564] Listening to port: \\?\pipe\fire_emu_760b2a7b2f0fb7fe {"metadata":{"emulator":{"name":"functions"},"function":{"name":"us-central1-api"},"extension":{},"message":"[runtime-status] [17564] Listening to port: \\\\?\\pipe\\fire_emu_760b2a7b2f0fb7fe"}}
[debug] [2024-02-21T04:14:21.967Z] [worker-us-central1-api-f444ec2f-c7c3-4f2a-a7c0-667ba2edeb67]: IDLE {"metadata":{"emulator":{"name":"functions"},"function":{"name":"us-central1-api"},"extension":{},"message":"[worker-us-central1-api-f444ec2f-c7c3-4f2a-a7c0-667ba2edeb67]: IDLE"}}
[debug] [2024-02-21T04:14:21.968Z] [worker-pool] submitRequest(triggerId=us-central1-api) {"metadata":{"emulator":{"name":"functions"},"message":"[worker-pool] submitRequest(triggerId=us-central1-api)"}}
[info] i  functions: Beginning execution of "us-central1-api" {"metadata":{"emulator":{"name":"functions"},"function":{"name":"us-central1-api"},"extension":{},"message":"Beginning execution of \"us-central1-api\""}}
[debug] [2024-02-21T04:14:21.969Z] [worker-us-central1-api-f444ec2f-c7c3-4f2a-a7c0-667ba2edeb67]: BUSY {"metadata":{"emulator":{"name":"functions"},"function":{"name":"us-central1-api"},"extension":{},"message":"[worker-us-central1-api-f444ec2f-c7c3-4f2a-a7c0-667ba2edeb67]: BUSY"}}
[debug] [2024-02-21T04:14:22.509Z] Finishing up request with event=pause {"metadata":{"emulator":{"name":"functions"},"function":{"name":"us-central1-api"},"extension":{},"message":"Finishing up request with event=pause"}}
[info] i  functions: Finished "us-central1-api" in 540.715ms {"metadata":{"emulator":{"name":"functions"},"function":{"name":"us-central1-api"},"extension":{},"message":"Finished \"us-central1-api\" in 540.715ms"}}
[debug] [2024-02-21T04:14:22.510Z] [worker-us-central1-api-f444ec2f-c7c3-4f2a-a7c0-667ba2edeb67]: IDLE {"metadata":{"emulator":{"name":"functions"},"function":{"name":"us-central1-api"},"extension":{},"message":"[worker-us-central1-api-f444ec2f-c7c3-4f2a-a7c0-667ba2edeb67]: IDLE"}}
[debug] [2024-02-21T04:14:22.510Z] Finishing up request with event=finish {"metadata":{"emulator":{"name":"functions"},"function":{"name":"us-central1-api"},"extension":{},"message":"Finishing up request with event=finish"}}
[debug] [2024-02-21T04:14:22.510Z] Finishing up request with event=close {"metadata":{"emulator":{"name":"functions"},"function":{"name":"us-central1-api"},"extension":{},"message":"Finishing up request with event=close"}}
[debug] [2024-02-21T04:14:22.510Z] [work-queue] {"queuedWork":[],"queueLength":0,"runningWork":[],"workRunningCount":0}
[debug] [2024-02-21T04:14:42.565Z] [work-queue] {"queuedWork":["/clone-d489a/us-central1/api-2024-02-21T04:14:42.565Z"],"queueLength":1,"runningWork":[],"workRunningCount":0}
[debug] [2024-02-21T04:14:42.565Z] [work-queue] {"queuedWork":[],"queueLength":0,"runningWork":["/clone-d489a/us-central1/api-2024-02-21T04:14:42.565Z"],"workRunningCount":1}
[debug] [2024-02-21T04:14:42.565Z] Accepted request GET /clone-d489a/us-central1/api --> us-central1-api
[debug] [2024-02-21T04:14:42.569Z] [functions] Runtime ready! Sending request! {"metadata":{"emulator":{"name":"functions"},"message":"[functions] Runtime ready! Sending request!"}}
[debug] [2024-02-21T04:14:42.569Z] [functions] Got req.url=/clone-d489a/us-central1/api, mapping to path=/ {"metadata":{"emulator":{"name":"functions"},"message":"[functions] Got req.url=/clone-d489a/us-central1/api, mapping to path=/"}}
[debug] [2024-02-21T04:14:42.569Z] [worker-pool] submitRequest(triggerId=us-central1-api) {"metadata":{"emulator":{"name":"functions"},"message":"[worker-pool] submitRequest(triggerId=us-central1-api)"}}
[info] i  functions: Beginning execution of "us-central1-api" {"metadata":{"emulator":{"name":"functions"},"function":{"name":"us-central1-api"},"extension":{},"message":"Beginning execution of \"us-central1-api\""}}
[debug] [2024-02-21T04:14:42.570Z] [worker-us-central1-api-f444ec2f-c7c3-4f2a-a7c0-667ba2edeb67]: BUSY {"metadata":{"emulator":{"name":"functions"},"function":{"name":"us-central1-api"},"extension":{},"message":"[worker-us-central1-api-f444ec2f-c7c3-4f2a-a7c0-667ba2edeb67]: BUSY"}}
[debug] [2024-02-21T04:14:42.575Z] Finishing up request with event=pause {"metadata":{"emulator":{"name":"functions"},"function":{"name":"us-central1-api"},"extension":{},"message":"Finishing up request with event=pause"}}
[info] i  functions: Finished "us-central1-api" in 5.4816ms {"metadata":{"emulator":{"name":"functions"},"function":{"name":"us-central1-api"},"extension":{},"message":"Finished \"us-central1-api\" in 5.4816ms"}}
[debug] [2024-02-21T04:14:42.578Z] [worker-us-central1-api-f444ec2f-c7c3-4f2a-a7c0-667ba2edeb67]: IDLE {"metadata":{"emulator":{"name":"functions"},"function":{"name":"us-central1-api"},"extension":{},"message":"[worker-us-central1-api-f444ec2f-c7c3-4f2a-a7c0-667ba2edeb67]: IDLE"}}
[debug] [2024-02-21T04:14:42.578Z] Finishing up request with event=finish {"metadata":{"emulator":{"name":"functions"},"function":{"name":"us-central1-api"},"extension":{},"message":"Finishing up request with event=finish"}}
[debug] [2024-02-21T04:14:42.578Z] Finishing up request with event=close {"metadata":{"emulator":{"name":"functions"},"function":{"name":"us-central1-api"},"extension":{},"message":"Finishing up request with event=close"}}
[debug] [2024-02-21T04:14:42.579Z] [work-queue] {"queuedWork":[],"queueLength":0,"runningWork":[],"workRunningCount":0}
[debug] [2024-02-21T04:41:50.341Z] [work-queue] {"queuedWork":["/clone-d489a/us-central1/api/payment/create-2024-02-21T04:41:50.337Z"],"queueLength":1,"runningWork":[],"workRunningCount":0}
[debug] [2024-02-21T04:41:50.363Z] [work-queue] {"queuedWork":[],"queueLength":0,"runningWork":["/clone-d489a/us-central1/api/payment/create-2024-02-21T04:41:50.337Z"],"workRunningCount":1}
[debug] [2024-02-21T04:41:50.364Z] Accepted request POST /clone-d489a/us-central1/api/payment/create?total=33600 --> us-central1-api
[debug] [2024-02-21T04:41:50.415Z] [functions] Runtime ready! Sending request! {"metadata":{"emulator":{"name":"functions"},"message":"[functions] Runtime ready! Sending request!"}}
[debug] [2024-02-21T04:41:50.420Z] [functions] Got req.url=/clone-d489a/us-central1/api/payment/create?total=33600, mapping to path=/payment/create?total=33600 {"metadata":{"emulator":{"name":"functions"},"message":"[functions] Got req.url=/clone-d489a/us-central1/api/payment/create?total=33600, mapping to path=/payment/create?total=33600"}}
[debug] [2024-02-21T04:41:50.426Z] [worker-pool] submitRequest(triggerId=us-central1-api) {"metadata":{"emulator":{"name":"functions"},"message":"[worker-pool] submitRequest(triggerId=us-central1-api)"}}
[info] i  functions: Beginning execution of "us-central1-api" {"metadata":{"emulator":{"name":"functions"},"function":{"name":"us-central1-api"},"extension":{},"message":"Beginning execution of \"us-central1-api\""}}
[debug] [2024-02-21T04:41:50.439Z] [worker-us-central1-api-f444ec2f-c7c3-4f2a-a7c0-667ba2edeb67]: BUSY {"metadata":{"emulator":{"name":"functions"},"function":{"name":"us-central1-api"},"extension":{},"message":"[worker-us-central1-api-f444ec2f-c7c3-4f2a-a7c0-667ba2edeb67]: BUSY"}}
[debug] [2024-02-21T04:41:50.902Z] Finishing up request with event=pause {"metadata":{"emulator":{"name":"functions"},"function":{"name":"us-central1-api"},"extension":{},"message":"Finishing up request with event=pause"}}
[info] i  functions: Finished "us-central1-api" in 463.8737ms {"metadata":{"emulator":{"name":"functions"},"function":{"name":"us-central1-api"},"extension":{},"message":"Finished \"us-central1-api\" in 463.8737ms"}}
[debug] [2024-02-21T04:41:50.903Z] [worker-us-central1-api-f444ec2f-c7c3-4f2a-a7c0-667ba2edeb67]: IDLE {"metadata":{"emulator":{"name":"functions"},"function":{"name":"us-central1-api"},"extension":{},"message":"[worker-us-central1-api-f444ec2f-c7c3-4f2a-a7c0-667ba2edeb67]: IDLE"}}
[debug] [2024-02-21T04:41:50.903Z] Finishing up request with event=finish {"metadata":{"emulator":{"name":"functions"},"function":{"name":"us-central1-api"},"extension":{},"message":"Finishing up request with event=finish"}}
[debug] [2024-02-21T04:41:50.904Z] Finishing up request with event=close {"metadata":{"emulator":{"name":"functions"},"function":{"name":"us-central1-api"},"extension":{},"message":"Finishing up request with event=close"}}
[debug] [2024-02-21T04:41:50.904Z] [work-queue] {"queuedWork":[],"queueLength":0,"runningWork":[],"workRunningCount":0}
[debug] [2024-02-21T05:22:17.597Z] [work-queue] {"queuedWork":["/clone-d489a/us-central1/api/payment/create-2024-02-21T05:22:17.595Z"],"queueLength":1,"runningWork":[],"workRunningCount":0}
[debug] [2024-02-21T05:22:17.601Z] [work-queue] {"queuedWork":[],"queueLength":0,"runningWork":["/clone-d489a/us-central1/api/payment/create-2024-02-21T05:22:17.595Z"],"workRunningCount":1}
[debug] [2024-02-21T05:22:17.601Z] Accepted request POST /clone-d489a/us-central1/api/payment/create?total=13225 --> us-central1-api
[debug] [2024-02-21T05:22:17.614Z] [functions] Runtime ready! Sending request! {"metadata":{"emulator":{"name":"functions"},"message":"[functions] Runtime ready! Sending request!"}}
[debug] [2024-02-21T05:22:17.614Z] [functions] Got req.url=/clone-d489a/us-central1/api/payment/create?total=13225, mapping to path=/payment/create?total=13225 {"metadata":{"emulator":{"name":"functions"},"message":"[functions] Got req.url=/clone-d489a/us-central1/api/payment/create?total=13225, mapping to path=/payment/create?total=13225"}}
[debug] [2024-02-21T05:22:17.615Z] [worker-pool] submitRequest(triggerId=us-central1-api) {"metadata":{"emulator":{"name":"functions"},"message":"[worker-pool] submitRequest(triggerId=us-central1-api)"}}
[info] i  functions: Beginning execution of "us-central1-api" {"metadata":{"emulator":{"name":"functions"},"function":{"name":"us-central1-api"},"extension":{},"message":"Beginning execution of \"us-central1-api\""}}
[debug] [2024-02-21T05:22:17.617Z] [worker-us-central1-api-f444ec2f-c7c3-4f2a-a7c0-667ba2edeb67]: BUSY {"metadata":{"emulator":{"name":"functions"},"function":{"name":"us-central1-api"},"extension":{},"message":"[worker-us-central1-api-f444ec2f-c7c3-4f2a-a7c0-667ba2edeb67]: BUSY"}}
[debug] [2024-02-21T05:22:17.982Z] Finishing up request with event=pause {"metadata":{"emulator":{"name":"functions"},"function":{"name":"us-central1-api"},"extension":{},"message":"Finishing up request with event=pause"}}
[info] i  functions: Finished "us-central1-api" in 365.4124ms {"metadata":{"emulator":{"name":"functions"},"function":{"name":"us-central1-api"},"extension":{},"message":"Finished \"us-central1-api\" in 365.4124ms"}}
[debug] [2024-02-21T05:22:17.982Z] [worker-us-central1-api-f444ec2f-c7c3-4f2a-a7c0-667ba2edeb67]: IDLE {"metadata":{"emulator":{"name":"functions"},"function":{"name":"us-central1-api"},"extension":{},"message":"[worker-us-central1-api-f444ec2f-c7c3-4f2a-a7c0-667ba2edeb67]: IDLE"}}
[debug] [2024-02-21T05:22:17.983Z] Finishing up request with event=finish {"metadata":{"emulator":{"name":"functions"},"function":{"name":"us-central1-api"},"extension":{},"message":"Finishing up request with event=finish"}}
[debug] [2024-02-21T05:22:17.983Z] Finishing up request with event=close {"metadata":{"emulator":{"name":"functions"},"function":{"name":"us-central1-api"},"extension":{},"message":"Finishing up request with event=close"}}
[debug] [2024-02-21T05:22:17.983Z] [work-queue] {"queuedWork":[],"queueLength":0,"runningWork":[],"workRunningCount":0}
[debug] [2024-02-21T05:23:29.108Z] [work-queue] {"queuedWork":["/clone-d489a/us-central1/api/payment/create-2024-02-21T05:23:29.108Z"],"queueLength":1,"runningWork":[],"workRunningCount":0}
[debug] [2024-02-21T05:23:29.108Z] [work-queue] {"queuedWork":[],"queueLength":0,"runningWork":["/clone-d489a/us-central1/api/payment/create-2024-02-21T05:23:29.108Z"],"workRunningCount":1}
[debug] [2024-02-21T05:23:29.108Z] Accepted request POST /clone-d489a/us-central1/api/payment/create?total=16800 --> us-central1-api
[debug] [2024-02-21T05:23:29.113Z] [functions] Runtime ready! Sending request! {"metadata":{"emulator":{"name":"functions"},"message":"[functions] Runtime ready! Sending request!"}}
[debug] [2024-02-21T05:23:29.113Z] [functions] Got req.url=/clone-d489a/us-central1/api/payment/create?total=16800, mapping to path=/payment/create?total=16800 {"metadata":{"emulator":{"name":"functions"},"message":"[functions] Got req.url=/clone-d489a/us-central1/api/payment/create?total=16800, mapping to path=/payment/create?total=16800"}}
[debug] [2024-02-21T05:23:29.114Z] [worker-pool] submitRequest(triggerId=us-central1-api) {"metadata":{"emulator":{"name":"functions"},"message":"[worker-pool] submitRequest(triggerId=us-central1-api)"}}
[info] i  functions: Beginning execution of "us-central1-api" {"metadata":{"emulator":{"name":"functions"},"function":{"name":"us-central1-api"},"extension":{},"message":"Beginning execution of \"us-central1-api\""}}
[debug] [2024-02-21T05:23:29.115Z] [worker-us-central1-api-f444ec2f-c7c3-4f2a-a7c0-667ba2edeb67]: BUSY {"metadata":{"emulator":{"name":"functions"},"function":{"name":"us-central1-api"},"extension":{},"message":"[worker-us-central1-api-f444ec2f-c7c3-4f2a-a7c0-667ba2edeb67]: BUSY"}}
[debug] [2024-02-21T05:23:29.358Z] Finishing up request with event=pause {"metadata":{"emulator":{"name":"functions"},"function":{"name":"us-central1-api"},"extension":{},"message":"Finishing up request with event=pause"}}
[info] i  functions: Finished "us-central1-api" in 244.0154ms {"metadata":{"emulator":{"name":"functions"},"function":{"name":"us-central1-api"},"extension":{},"message":"Finished \"us-central1-api\" in 244.0154ms"}}
[debug] [2024-02-21T05:23:29.360Z] [worker-us-central1-api-f444ec2f-c7c3-4f2a-a7c0-667ba2edeb67]: IDLE {"metadata":{"emulator":{"name":"functions"},"function":{"name":"us-central1-api"},"extension":{},"message":"[worker-us-central1-api-f444ec2f-c7c3-4f2a-a7c0-667ba2edeb67]: IDLE"}}
[debug] [2024-02-21T05:23:29.360Z] Finishing up request with event=finish {"metadata":{"emulator":{"name":"functions"},"function":{"name":"us-central1-api"},"extension":{},"message":"Finishing up request with event=finish"}}
[debug] [2024-02-21T05:23:29.360Z] Finishing up request with event=close {"metadata":{"emulator":{"name":"functions"},"function":{"name":"us-central1-api"},"extension":{},"message":"Finishing up request with event=close"}}
[debug] [2024-02-21T05:23:29.360Z] [work-queue] {"queuedWork":[],"queueLength":0,"runningWork":[],"workRunningCount":0}
[debug] [2024-02-21T05:33:32.060Z] [work-queue] {"queuedWork":["/clone-d489a/us-central1/api/payment/create-2024-02-21T05:33:32.059Z"],"queueLength":1,"runningWork":[],"workRunningCount":0}
[debug] [2024-02-21T05:33:32.060Z] [work-queue] {"queuedWork":[],"queueLength":0,"runningWork":["/clone-d489a/us-central1/api/payment/create-2024-02-21T05:33:32.059Z"],"workRunningCount":1}
[debug] [2024-02-21T05:33:32.060Z] Accepted request POST /clone-d489a/us-central1/api/payment/create?total=11198 --> us-central1-api
[debug] [2024-02-21T05:33:32.067Z] [functions] Runtime ready! Sending request! {"metadata":{"emulator":{"name":"functions"},"message":"[functions] Runtime ready! Sending request!"}}
[debug] [2024-02-21T05:33:32.067Z] [functions] Got req.url=/clone-d489a/us-central1/api/payment/create?total=11198, mapping to path=/payment/create?total=11198 {"metadata":{"emulator":{"name":"functions"},"message":"[functions] Got req.url=/clone-d489a/us-central1/api/payment/create?total=11198, mapping to path=/payment/create?total=11198"}}
[debug] [2024-02-21T05:33:32.067Z] [worker-pool] submitRequest(triggerId=us-central1-api) {"metadata":{"emulator":{"name":"functions"},"message":"[worker-pool] submitRequest(triggerId=us-central1-api)"}}
[info] i  functions: Beginning execution of "us-central1-api" {"metadata":{"emulator":{"name":"functions"},"function":{"name":"us-central1-api"},"extension":{},"message":"Beginning execution of \"us-central1-api\""}}
[debug] [2024-02-21T05:33:32.068Z] [worker-us-central1-api-f444ec2f-c7c3-4f2a-a7c0-667ba2edeb67]: BUSY {"metadata":{"emulator":{"name":"functions"},"function":{"name":"us-central1-api"},"extension":{},"message":"[worker-us-central1-api-f444ec2f-c7c3-4f2a-a7c0-667ba2edeb67]: BUSY"}}
[debug] [2024-02-21T05:33:32.427Z] Finishing up request with event=pause {"metadata":{"emulator":{"name":"functions"},"function":{"name":"us-central1-api"},"extension":{},"message":"Finishing up request with event=pause"}}
[info] i  functions: Finished "us-central1-api" in 359.1301ms {"metadata":{"emulator":{"name":"functions"},"function":{"name":"us-central1-api"},"extension":{},"message":"Finished \"us-central1-api\" in 359.1301ms"}}
[debug] [2024-02-21T05:33:32.428Z] [worker-us-central1-api-f444ec2f-c7c3-4f2a-a7c0-667ba2edeb67]: IDLE {"metadata":{"emulator":{"name":"functions"},"function":{"name":"us-central1-api"},"extension":{},"message":"[worker-us-central1-api-f444ec2f-c7c3-4f2a-a7c0-667ba2edeb67]: IDLE"}}
[debug] [2024-02-21T05:33:32.428Z] Finishing up request with event=finish {"metadata":{"emulator":{"name":"functions"},"function":{"name":"us-central1-api"},"extension":{},"message":"Finishing up request with event=finish"}}
[debug] [2024-02-21T05:33:32.428Z] Finishing up request with event=close {"metadata":{"emulator":{"name":"functions"},"function":{"name":"us-central1-api"},"extension":{},"message":"Finishing up request with event=close"}}
[debug] [2024-02-21T05:33:32.428Z] [work-queue] {"queuedWork":[],"queueLength":0,"runningWork":[],"workRunningCount":0}
[debug] [2024-02-21T05:37:16.492Z] [work-queue] {"queuedWork":["/clone-d489a/us-central1/api/payment/create-2024-02-21T05:37:16.492Z"],"queueLength":1,"runningWork":[],"workRunningCount":0}
[debug] [2024-02-21T05:37:16.493Z] [work-queue] {"queuedWork":[],"queueLength":0,"runningWork":["/clone-d489a/us-central1/api/payment/create-2024-02-21T05:37:16.492Z"],"workRunningCount":1}
[debug] [2024-02-21T05:37:16.493Z] Accepted request POST /clone-d489a/us-central1/api/payment/create?total=2598 --> us-central1-api
[debug] [2024-02-21T05:37:16.496Z] [functions] Runtime ready! Sending request! {"metadata":{"emulator":{"name":"functions"},"message":"[functions] Runtime ready! Sending request!"}}
[debug] [2024-02-21T05:37:16.496Z] [functions] Got req.url=/clone-d489a/us-central1/api/payment/create?total=2598, mapping to path=/payment/create?total=2598 {"metadata":{"emulator":{"name":"functions"},"message":"[functions] Got req.url=/clone-d489a/us-central1/api/payment/create?total=2598, mapping to path=/payment/create?total=2598"}}
[debug] [2024-02-21T05:37:16.497Z] [worker-pool] submitRequest(triggerId=us-central1-api) {"metadata":{"emulator":{"name":"functions"},"message":"[worker-pool] submitRequest(triggerId=us-central1-api)"}}
[info] i  functions: Beginning execution of "us-central1-api" {"metadata":{"emulator":{"name":"functions"},"function":{"name":"us-central1-api"},"extension":{},"message":"Beginning execution of \"us-central1-api\""}}
[debug] [2024-02-21T05:37:16.497Z] [worker-us-central1-api-f444ec2f-c7c3-4f2a-a7c0-667ba2edeb67]: BUSY {"metadata":{"emulator":{"name":"functions"},"function":{"name":"us-central1-api"},"extension":{},"message":"[worker-us-central1-api-f444ec2f-c7c3-4f2a-a7c0-667ba2edeb67]: BUSY"}}
[debug] [2024-02-21T05:37:16.860Z] Finishing up request with event=pause {"metadata":{"emulator":{"name":"functions"},"function":{"name":"us-central1-api"},"extension":{},"message":"Finishing up request with event=pause"}}
[info] i  functions: Finished "us-central1-api" in 363.1898ms {"metadata":{"emulator":{"name":"functions"},"function":{"name":"us-central1-api"},"extension":{},"message":"Finished \"us-central1-api\" in 363.1898ms"}}
[debug] [2024-02-21T05:37:16.862Z] [worker-us-central1-api-f444ec2f-c7c3-4f2a-a7c0-667ba2edeb67]: IDLE {"metadata":{"emulator":{"name":"functions"},"function":{"name":"us-central1-api"},"extension":{},"message":"[worker-us-central1-api-f444ec2f-c7c3-4f2a-a7c0-667ba2edeb67]: IDLE"}}
[debug] [2024-02-21T05:37:16.862Z] Finishing up request with event=finish {"metadata":{"emulator":{"name":"functions"},"function":{"name":"us-central1-api"},"extension":{},"message":"Finishing up request with event=finish"}}
[debug] [2024-02-21T05:37:16.862Z] Finishing up request with event=close {"metadata":{"emulator":{"name":"functions"},"function":{"name":"us-central1-api"},"extension":{},"message":"Finishing up request with event=close"}}
[debug] [2024-02-21T05:37:16.863Z] [work-queue] {"queuedWork":[],"queueLength":0,"runningWork":[],"workRunningCount":0}
[debug] [2024-02-21T05:46:24.303Z] [work-queue] {"queuedWork":["/clone-d489a/us-central1/api/payment/create-2024-02-21T05:46:24.303Z"],"queueLength":1,"runningWork":[],"workRunningCount":0}
[debug] [2024-02-21T05:46:24.304Z] [work-queue] {"queuedWork":[],"queueLength":0,"runningWork":["/clone-d489a/us-central1/api/payment/create-2024-02-21T05:46:24.303Z"],"workRunningCount":1}
[debug] [2024-02-21T05:46:24.304Z] Accepted request POST /clone-d489a/us-central1/api/payment/create?total=7597 --> us-central1-api
[debug] [2024-02-21T05:46:24.308Z] [functions] Runtime ready! Sending request! {"metadata":{"emulator":{"name":"functions"},"message":"[functions] Runtime ready! Sending request!"}}
[debug] [2024-02-21T05:46:24.309Z] [functions] Got req.url=/clone-d489a/us-central1/api/payment/create?total=7597, mapping to path=/payment/create?total=7597 {"metadata":{"emulator":{"name":"functions"},"message":"[functions] Got req.url=/clone-d489a/us-central1/api/payment/create?total=7597, mapping to path=/payment/create?total=7597"}}
[debug] [2024-02-21T05:46:24.309Z] [worker-pool] submitRequest(triggerId=us-central1-api) {"metadata":{"emulator":{"name":"functions"},"message":"[worker-pool] submitRequest(triggerId=us-central1-api)"}}
[info] i  functions: Beginning execution of "us-central1-api" {"metadata":{"emulator":{"name":"functions"},"function":{"name":"us-central1-api"},"extension":{},"message":"Beginning execution of \"us-central1-api\""}}
[debug] [2024-02-21T05:46:24.310Z] [worker-us-central1-api-f444ec2f-c7c3-4f2a-a7c0-667ba2edeb67]: BUSY {"metadata":{"emulator":{"name":"functions"},"function":{"name":"us-central1-api"},"extension":{},"message":"[worker-us-central1-api-f444ec2f-c7c3-4f2a-a7c0-667ba2edeb67]: BUSY"}}
[debug] [2024-02-21T05:46:24.687Z] Finishing up request with event=pause {"metadata":{"emulator":{"name":"functions"},"function":{"name":"us-central1-api"},"extension":{},"message":"Finishing up request with event=pause"}}
[info] i  functions: Finished "us-central1-api" in 377.4345ms {"metadata":{"emulator":{"name":"functions"},"function":{"name":"us-central1-api"},"extension":{},"message":"Finished \"us-central1-api\" in 377.4345ms"}}
[debug] [2024-02-21T05:46:24.688Z] [worker-us-central1-api-f444ec2f-c7c3-4f2a-a7c0-667ba2edeb67]: IDLE {"metadata":{"emulator":{"name":"functions"},"function":{"name":"us-central1-api"},"extension":{},"message":"[worker-us-central1-api-f444ec2f-c7c3-4f2a-a7c0-667ba2edeb67]: IDLE"}}
[debug] [2024-02-21T05:46:24.688Z] Finishing up request with event=finish {"metadata":{"emulator":{"name":"functions"},"function":{"name":"us-central1-api"},"extension":{},"message":"Finishing up request with event=finish"}}
[debug] [2024-02-21T05:46:24.688Z] Finishing up request with event=close {"metadata":{"emulator":{"name":"functions"},"function":{"name":"us-central1-api"},"extension":{},"message":"Finishing up request with event=close"}}
[debug] [2024-02-21T05:46:24.688Z] [work-queue] {"queuedWork":[],"queueLength":0,"runningWork":[],"workRunningCount":0}
[debug] [2024-02-21T06:07:48.887Z] [work-queue] {"queuedWork":["/clone-d489a/us-central1/api/payment/create-2024-02-21T06:07:48.887Z"],"queueLength":1,"runningWork":[],"workRunningCount":0}
[debug] [2024-02-21T06:07:48.890Z] [work-queue] {"queuedWork":[],"queueLength":0,"runningWork":["/clone-d489a/us-central1/api/payment/create-2024-02-21T06:07:48.887Z"],"workRunningCount":1}
[debug] [2024-02-21T06:07:48.891Z] Accepted request POST /clone-d489a/us-central1/api/payment/create?total=5599 --> us-central1-api
[debug] [2024-02-21T06:07:48.902Z] [functions] Runtime ready! Sending request! {"metadata":{"emulator":{"name":"functions"},"message":"[functions] Runtime ready! Sending request!"}}
[debug] [2024-02-21T06:07:48.902Z] [functions] Got req.url=/clone-d489a/us-central1/api/payment/create?total=5599, mapping to path=/payment/create?total=5599 {"metadata":{"emulator":{"name":"functions"},"message":"[functions] Got req.url=/clone-d489a/us-central1/api/payment/create?total=5599, mapping to path=/payment/create?total=5599"}}
[debug] [2024-02-21T06:07:48.902Z] [worker-pool] submitRequest(triggerId=us-central1-api) {"metadata":{"emulator":{"name":"functions"},"message":"[worker-pool] submitRequest(triggerId=us-central1-api)"}}
[info] i  functions: Beginning execution of "us-central1-api" {"metadata":{"emulator":{"name":"functions"},"function":{"name":"us-central1-api"},"extension":{},"message":"Beginning execution of \"us-central1-api\""}}
[debug] [2024-02-21T06:07:48.905Z] [worker-us-central1-api-f444ec2f-c7c3-4f2a-a7c0-667ba2edeb67]: BUSY {"metadata":{"emulator":{"name":"functions"},"function":{"name":"us-central1-api"},"extension":{},"message":"[worker-us-central1-api-f444ec2f-c7c3-4f2a-a7c0-667ba2edeb67]: BUSY"}}
[debug] [2024-02-21T06:07:49.292Z] Finishing up request with event=pause {"metadata":{"emulator":{"name":"functions"},"function":{"name":"us-central1-api"},"extension":{},"message":"Finishing up request with event=pause"}}
[info] i  functions: Finished "us-central1-api" in 387.6257ms {"metadata":{"emulator":{"name":"functions"},"function":{"name":"us-central1-api"},"extension":{},"message":"Finished \"us-central1-api\" in 387.6257ms"}}
[debug] [2024-02-21T06:07:49.294Z] [worker-us-central1-api-f444ec2f-c7c3-4f2a-a7c0-667ba2edeb67]: IDLE {"metadata":{"emulator":{"name":"functions"},"function":{"name":"us-central1-api"},"extension":{},"message":"[worker-us-central1-api-f444ec2f-c7c3-4f2a-a7c0-667ba2edeb67]: IDLE"}}
[debug] [2024-02-21T06:07:49.294Z] Finishing up request with event=finish {"metadata":{"emulator":{"name":"functions"},"function":{"name":"us-central1-api"},"extension":{},"message":"Finishing up request with event=finish"}}
[debug] [2024-02-21T06:07:49.294Z] Finishing up request with event=close {"metadata":{"emulator":{"name":"functions"},"function":{"name":"us-central1-api"},"extension":{},"message":"Finishing up request with event=close"}}
[debug] [2024-02-21T06:07:49.294Z] [work-queue] {"queuedWork":[],"queueLength":0,"runningWork":[],"workRunningCount":0}
